Performing C SOURCE FILE Test CMAKE_HAVE_LIBC_PTHREAD failed with the following output:
Change Dir: /home/robin/far-station/cmake-build-debug/CMakeFiles/CMakeTmp

Run Build Command(s):/snap/clion/180/bin/ninja/linux/ninja cmTC_1ed84 && [1/2] Building C object CMakeFiles/cmTC_1ed84.dir/src.c.o
[2/2] Linking C executable cmTC_1ed84
FAILED: cmTC_1ed84 
: && /bin/cc   CMakeFiles/cmTC_1ed84.dir/src.c.o -o cmTC_1ed84   && :
/bin/ld: CMakeFiles/cmTC_1ed84.dir/src.c.o: in function `main':
src.c:(.text+0x46): undefined reference to `pthread_create'
/bin/ld: src.c:(.text+0x52): undefined reference to `pthread_detach'
/bin/ld: src.c:(.text+0x5e): undefined reference to `pthread_cancel'
/bin/ld: src.c:(.text+0x6f): undefined reference to `pthread_join'
collect2: error: ld returned 1 exit status
ninja: build stopped: subcommand failed.


Source file was:
#include <pthread.h>

static void* test_func(void* data)
{
  return data;
}

int main(void)
{
  pthread_t thread;
  pthread_create(&thread, NULL, test_func, NULL);
  pthread_detach(thread);
  pthread_cancel(thread);
  pthread_join(thread, NULL);
  pthread_atfork(NULL, NULL, NULL);
  pthread_exit(NULL);

  return 0;
}

Determining if the function pthread_create exists in the pthreads failed with the following output:
Change Dir: /home/robin/far-station/cmake-build-debug/CMakeFiles/CMakeTmp

Run Build Command(s):/snap/clion/180/bin/ninja/linux/ninja cmTC_7e0b1 && [1/2] Building C object CMakeFiles/cmTC_7e0b1.dir/CheckFunctionExists.c.o
[2/2] Linking C executable cmTC_7e0b1
FAILED: cmTC_7e0b1 
: && /bin/cc -DCHECK_FUNCTION_EXISTS=pthread_create  CMakeFiles/cmTC_7e0b1.dir/CheckFunctionExists.c.o -o cmTC_7e0b1  -lpthreads && :
/bin/ld: cannot find -lpthreads
collect2: error: ld returned 1 exit status
ninja: build stopped: subcommand failed.



